<?xml version="1.0" encoding="UTF-8"?>
<!-- Generated by org.testng.reporters.JUnitReportReporter -->
<testsuite skipped="0" hostname="HOME" name="com.letskodeit.statuses.UserTimelineTest" tests="2" failures="0" timestamp="25 Feb 2018 18:39:03 GMT" time="6.516" errors="0">
  <testcase name="readTweets1" time="5.699" classname="com.letskodeit.statuses.UserTimelineTest"/>
  <testcase name="readTweets2" time="0.817" classname="com.letskodeit.statuses.UserTimelineTest"/>
</testsuite> <!-- com.letskodeit.statuses.UserTimelineTest -->
