<?xml version="1.0" encoding="UTF-8"?>
<!-- Generated by org.testng.reporters.JUnitReportReporter -->
<testsuite skipped="0" hostname="HOME" name="com.letskodeit.statuses.UserTimelineTest" tests="2" failures="0" timestamp="25 Feb 2018 18:31:45 GMT" time="2.387" errors="0">
  <testcase name="readTweets2" time="0.659" classname="com.letskodeit.statuses.UserTimelineTest"/>
  <testcase name="readTweets1" time="1.728" classname="com.letskodeit.statuses.UserTimelineTest"/>
</testsuite> <!-- com.letskodeit.statuses.UserTimelineTest -->
