<?xml version="1.0" encoding="UTF-8"?>
<!-- Generated by org.testng.reporters.JUnitReportReporter -->
<testsuite skipped="0" hostname="HOME" name="com.letskodeit.statuses.TwitterWorkflowTest" tests="3" failures="0" timestamp="25 Feb 2018 18:31:45 GMT" time="8.520" errors="0">
  <testcase name="postTweet" time="6.968" classname="com.letskodeit.statuses.TwitterWorkflowTest"/>
  <testcase name="readTweet" time="0.863" classname="com.letskodeit.statuses.TwitterWorkflowTest"/>
  <testcase name="deleteTweet" time="0.689" classname="com.letskodeit.statuses.TwitterWorkflowTest"/>
</testsuite> <!-- com.letskodeit.statuses.TwitterWorkflowTest -->
